c:\users\james\desktop\cs4052lab4-master\cs4052final\build\intermediate\debug\vc141.pdb
c:\users\james\desktop\cs4052lab4-master\cs4052final\build\intermediate\debug\vc141.idb
c:\users\james\desktop\cs4052lab4-master\cs4052final\build\intermediate\debug\terrain.obj
c:\users\james\desktop\cs4052lab4-master\cs4052final\build\intermediate\debug\modeldata.obj
c:\users\james\desktop\cs4052lab4-master\cs4052final\build\intermediate\debug\model.obj
c:\users\james\desktop\cs4052lab4-master\cs4052final\build\intermediate\debug\maths_funcs.obj
c:\users\james\desktop\cs4052lab4-master\cs4052final\build\intermediate\debug\main.obj
c:\users\james\desktop\cs4052lab4-master\cs4052final\build\intermediate\debug\gameobject.obj
c:\users\james\desktop\cs4052lab4-master\cs4052final\build\intermediate\debug\stb_image.obj
c:\users\james\desktop\cs4052lab4-master\cs4052final\build\intermediate\debug\camera.obj
c:\users\james\desktop\cs4052lab4-master\cs4052final\build\executables\debug\lab 04.exe
c:\users\james\desktop\cs4052lab4-master\cs4052final\build\executables\debug\lab 04.ilk
c:\users\james\desktop\cs4052lab4-master\cs4052final\build\executables\debug\lab 04.pdb
c:\users\james\desktop\cs4052lab4-master\cs4052final\build\intermediate\debug\gameobject.obj.enc
c:\users\james\desktop\cs4052lab4-master\cs4052final\\build\executables\debug\lab 04.pdb
c:\users\james\desktop\cs4052lab4-master\cs4052final\\build\executables\debug\lab 04.exe
c:\users\james\desktop\cs4052lab4-master\cs4052final\\build\executables\debug\lab 04.ilk
c:\users\james\desktop\cs4052lab4-master\cs4052final\build\intermediate\debug\lab 04.tlog\cl.command.1.tlog
c:\users\james\desktop\cs4052lab4-master\cs4052final\build\intermediate\debug\lab 04.tlog\cl.read.1.tlog
c:\users\james\desktop\cs4052lab4-master\cs4052final\build\intermediate\debug\lab 04.tlog\cl.write.1.tlog
c:\users\james\desktop\cs4052lab4-master\cs4052final\build\intermediate\debug\lab 04.tlog\link.command.1.tlog
c:\users\james\desktop\cs4052lab4-master\cs4052final\build\intermediate\debug\lab 04.tlog\link.read.1.tlog
c:\users\james\desktop\cs4052lab4-master\cs4052final\build\intermediate\debug\lab 04.tlog\link.write.1.tlog
